<?xml version="1.0" encoding="UTF-8"?>
<testsuite xmlns:xsi="http://www.w3.org/2001/XMLSchema-instance" xsi:noNamespaceSchemaLocation="https://maven.apache.org/surefire/maven-surefire-plugin/xsd/surefire-test-report-3.0.xsd" version="3.0" name="tut.dush.AppTest" time="0.045" tests="2" errors="0" skipped="0" failures="0">
  <properties>
[...]
</properties>
  <testcase name="testToken" classname="tut.dush.AppTest" time="0.028">
    <system-out><![CDATA[
]]></system-out>
  </testcase>
  <testcase name="testFileUtils" classname="tut.dush.AppTest" time="0.001">
    <system-out><![CDATA[class Main {
    Object message() {
        return "Hello!";
    }
}
class Runner {
    public static void main(String[] args) {
        System.out.print(new Main().message());
        System.out.print(new Main2().message());
    }
}
class Main2 extends Main {
    String message() {
        return "World!";
    }
}
]]></system-out>
  </testcase>
</testsuite>